Determining if the include file getopt.h exists failed with the following output:
Change Dir: C:/Users/MarcusRainbow/Projects/node-nlopt/nlopt-2.10.0/CMakeFiles/CMakeTmp

Run Build Command(s):C:/Program Files/Microsoft Visual Studio/2022/Community/MSBuild/Current/Bin/amd64/MSBuild.exe cmTC_bf83b.vcxproj /p:Configuration=Debug /p:Platform=x64 /p:VisualStudioVersion=17.0 /v:m && Microsoft (R) Build Engine version 17.2.1+52cd2da31 for .NET Framework
Copyright (C) Microsoft Corporation. All rights reserved.

  Microsoft (R) C/C++ Optimizing Compiler Version 19.32.31332 for x64
  CheckIncludeFile.c
  Copyright (C) Microsoft Corporation.  All rights reserved.
  cl /c /Zi /W1 /WX- /diagnostics:column /Od /Ob0 /D _MBCS /D WIN32 /D _WINDOWS /D "CMAKE_INTDIR=\"Debug\"" /Gm- /RTC1 /MDd /GS /fp:precise /Zc:wchar_t /Zc:forScope /Zc:inline /Fo"cmTC_bf83b.dir\Debug\\" /Fd"cmTC_bf83b.dir\Debug\vc143.pdb" /external:W1 /Gd /TC /errorReport:queue "C:\Users\MarcusRainbow\Projects\node-nlopt\nlopt-2.10.0\CMakeFiles\CMakeTmp\CheckIncludeFile.c"
C:\Users\MarcusRainbow\Projects\node-nlopt\nlopt-2.10.0\CMakeFiles\CMakeTmp\CheckIncludeFile.c(1,10): fatal error C1083: Cannot open include file: 'getopt.h': No such file or directory [C:\Users\MarcusRainbow\Projects\node-nlopt\nlopt-2.10.0\CMakeFiles\CMakeTmp\cmTC_bf83b.vcxproj]



Determining if the include file unistd.h exists failed with the following output:
Change Dir: C:/Users/MarcusRainbow/Projects/node-nlopt/nlopt-2.10.0/CMakeFiles/CMakeTmp

Run Build Command(s):C:/Program Files/Microsoft Visual Studio/2022/Community/MSBuild/Current/Bin/amd64/MSBuild.exe cmTC_f9668.vcxproj /p:Configuration=Debug /p:Platform=x64 /p:VisualStudioVersion=17.0 /v:m && Microsoft (R) Build Engine version 17.2.1+52cd2da31 for .NET Framework
Copyright (C) Microsoft Corporation. All rights reserved.

  Microsoft (R) C/C++ Optimizing Compiler Version 19.32.31332 for x64
  CheckIncludeFile.c
  Copyright (C) Microsoft Corporation.  All rights reserved.
  cl /c /Zi /W1 /WX- /diagnostics:column /Od /Ob0 /D _MBCS /D WIN32 /D _WINDOWS /D "CMAKE_INTDIR=\"Debug\"" /Gm- /RTC1 /MDd /GS /fp:precise /Zc:wchar_t /Zc:forScope /Zc:inline /Fo"cmTC_f9668.dir\Debug\\" /Fd"cmTC_f9668.dir\Debug\vc143.pdb" /external:W1 /Gd /TC /errorReport:queue "C:\Users\MarcusRainbow\Projects\node-nlopt\nlopt-2.10.0\CMakeFiles\CMakeTmp\CheckIncludeFile.c"
C:\Users\MarcusRainbow\Projects\node-nlopt\nlopt-2.10.0\CMakeFiles\CMakeTmp\CheckIncludeFile.c(1,10): fatal error C1083: Cannot open include file: 'unistd.h': No such file or directory [C:\Users\MarcusRainbow\Projects\node-nlopt\nlopt-2.10.0\CMakeFiles\CMakeTmp\cmTC_f9668.vcxproj]



Determining if the include file sys/time.h exists failed with the following output:
Change Dir: C:/Users/MarcusRainbow/Projects/node-nlopt/nlopt-2.10.0/CMakeFiles/CMakeTmp

Run Build Command(s):C:/Program Files/Microsoft Visual Studio/2022/Community/MSBuild/Current/Bin/amd64/MSBuild.exe cmTC_ebce9.vcxproj /p:Configuration=Debug /p:Platform=x64 /p:VisualStudioVersion=17.0 /v:m && Microsoft (R) Build Engine version 17.2.1+52cd2da31 for .NET Framework
Copyright (C) Microsoft Corporation. All rights reserved.

  Microsoft (R) C/C++ Optimizing Compiler Version 19.32.31332 for x64
  CheckIncludeFile.c
C:\Users\MarcusRainbow\Projects\node-nlopt\nlopt-2.10.0\CMakeFiles\CMakeTmp\CheckIncludeFile.c(1,10): fatal error C1083: Cannot open include file: 'sys/time.h': No such file or directory [C:\Users\MarcusRainbow\Projects\node-nlopt\nlopt-2.10.0\CMakeFiles\CMakeTmp\cmTC_ebce9.vcxproj]
  Copyright (C) Microsoft Corporation.  All rights reserved.
  cl /c /Zi /W1 /WX- /diagnostics:column /Od /Ob0 /D _MBCS /D WIN32 /D _WINDOWS /D "CMAKE_INTDIR=\"Debug\"" /Gm- /RTC1 /MDd /GS /fp:precise /Zc:wchar_t /Zc:forScope /Zc:inline /Fo"cmTC_ebce9.dir\Debug\\" /Fd"cmTC_ebce9.dir\Debug\vc143.pdb" /external:W1 /Gd /TC /errorReport:queue "C:\Users\MarcusRainbow\Projects\node-nlopt\nlopt-2.10.0\CMakeFiles\CMakeTmp\CheckIncludeFile.c"



Determining if the function syscall exists failed with the following output:
Change Dir: C:/Users/MarcusRainbow/Projects/node-nlopt/nlopt-2.10.0/CMakeFiles/CMakeTmp

Run Build Command(s):C:/Program Files/Microsoft Visual Studio/2022/Community/MSBuild/Current/Bin/amd64/MSBuild.exe cmTC_ee011.vcxproj /p:Configuration=Debug /p:Platform=x64 /p:VisualStudioVersion=17.0 /v:m && Microsoft (R) Build Engine version 17.2.1+52cd2da31 for .NET Framework
Copyright (C) Microsoft Corporation. All rights reserved.

  Microsoft (R) C/C++ Optimizing Compiler Version 19.32.31332 for x64
  Copyright (C) Microsoft Corporation.  All rights reserved.
  CheckFunctionExists.c
  cl /c /Zi /W1 /WX- /diagnostics:column /Od /Ob0 /D _MBCS /D WIN32 /D _WINDOWS /D CHECK_FUNCTION_EXISTS=syscall /D "CMAKE_INTDIR=\"Debug\"" /Gm- /RTC1 /MDd /GS /fp:precise /Zc:wchar_t /Zc:forScope /Zc:inline /Fo"cmTC_ee011.dir\Debug\\" /Fd"cmTC_ee011.dir\Debug\vc143.pdb" /external:W1 /Gd /TC /errorReport:queue "C:\Program Files\Microsoft Visual Studio\2022\Community\Common7\IDE\CommonExtensions\Microsoft\CMake\CMake\share\cmake-3.22\Modules\CheckFunctionExists.c"
CheckFunctionExists.obj : error LNK2019: unresolved external symbol syscall referenced in function main [C:\Users\MarcusRainbow\Projects\node-nlopt\nlopt-2.10.0\CMakeFiles\CMakeTmp\cmTC_ee011.vcxproj]
C:\Users\MarcusRainbow\Projects\node-nlopt\nlopt-2.10.0\CMakeFiles\CMakeTmp\Debug\cmTC_ee011.exe : fatal error LNK1120: 1 unresolved externals [C:\Users\MarcusRainbow\Projects\node-nlopt\nlopt-2.10.0\CMakeFiles\CMakeTmp\cmTC_ee011.vcxproj]



Determining if the function isinf exists failed with the following output:
Change Dir: C:/Users/MarcusRainbow/Projects/node-nlopt/nlopt-2.10.0/CMakeFiles/CMakeTmp

Run Build Command(s):C:/Program Files/Microsoft Visual Studio/2022/Community/MSBuild/Current/Bin/amd64/MSBuild.exe cmTC_62dc8.vcxproj /p:Configuration=Debug /p:Platform=x64 /p:VisualStudioVersion=17.0 /v:m && Microsoft (R) Build Engine version 17.2.1+52cd2da31 for .NET Framework
Copyright (C) Microsoft Corporation. All rights reserved.

  Microsoft (R) C/C++ Optimizing Compiler Version 19.32.31332 for x64
  CheckFunctionExists.c
  Copyright (C) Microsoft Corporation.  All rights reserved.
  cl /c /Zi /W1 /WX- /diagnostics:column /Od /Ob0 /D _MBCS /D WIN32 /D _WINDOWS /D CHECK_FUNCTION_EXISTS=isinf /D "CMAKE_INTDIR=\"Debug\"" /Gm- /RTC1 /MDd /GS /fp:precise /Zc:wchar_t /Zc:forScope /Zc:inline /Fo"cmTC_62dc8.dir\Debug\\" /Fd"cmTC_62dc8.dir\Debug\vc143.pdb" /external:W1 /Gd /TC /errorReport:queue "C:\Program Files\Microsoft Visual Studio\2022\Community\Common7\IDE\CommonExtensions\Microsoft\CMake\CMake\share\cmake-3.22\Modules\CheckFunctionExists.c"
CheckFunctionExists.obj : error LNK2019: unresolved external symbol isinf referenced in function main [C:\Users\MarcusRainbow\Projects\node-nlopt\nlopt-2.10.0\CMakeFiles\CMakeTmp\cmTC_62dc8.vcxproj]
C:\Users\MarcusRainbow\Projects\node-nlopt\nlopt-2.10.0\CMakeFiles\CMakeTmp\Debug\cmTC_62dc8.exe : fatal error LNK1120: 1 unresolved externals [C:\Users\MarcusRainbow\Projects\node-nlopt\nlopt-2.10.0\CMakeFiles\CMakeTmp\cmTC_62dc8.vcxproj]



Determining if the function isnan exists failed with the following output:
Change Dir: C:/Users/MarcusRainbow/Projects/node-nlopt/nlopt-2.10.0/CMakeFiles/CMakeTmp

Run Build Command(s):C:/Program Files/Microsoft Visual Studio/2022/Community/MSBuild/Current/Bin/amd64/MSBuild.exe cmTC_9e6eb.vcxproj /p:Configuration=Debug /p:Platform=x64 /p:VisualStudioVersion=17.0 /v:m && Microsoft (R) Build Engine version 17.2.1+52cd2da31 for .NET Framework
Copyright (C) Microsoft Corporation. All rights reserved.

  Microsoft (R) C/C++ Optimizing Compiler Version 19.32.31332 for x64
  CheckFunctionExists.c
  Copyright (C) Microsoft Corporation.  All rights reserved.
  cl /c /Zi /W1 /WX- /diagnostics:column /Od /Ob0 /D _MBCS /D WIN32 /D _WINDOWS /D CHECK_FUNCTION_EXISTS=isnan /D "CMAKE_INTDIR=\"Debug\"" /Gm- /RTC1 /MDd /GS /fp:precise /Zc:wchar_t /Zc:forScope /Zc:inline /Fo"cmTC_9e6eb.dir\Debug\\" /Fd"cmTC_9e6eb.dir\Debug\vc143.pdb" /external:W1 /Gd /TC /errorReport:queue "C:\Program Files\Microsoft Visual Studio\2022\Community\Common7\IDE\CommonExtensions\Microsoft\CMake\CMake\share\cmake-3.22\Modules\CheckFunctionExists.c"
CheckFunctionExists.obj : error LNK2019: unresolved external symbol isnan referenced in function main [C:\Users\MarcusRainbow\Projects\node-nlopt\nlopt-2.10.0\CMakeFiles\CMakeTmp\cmTC_9e6eb.vcxproj]
C:\Users\MarcusRainbow\Projects\node-nlopt\nlopt-2.10.0\CMakeFiles\CMakeTmp\Debug\cmTC_9e6eb.exe : fatal error LNK1120: 1 unresolved externals [C:\Users\MarcusRainbow\Projects\node-nlopt\nlopt-2.10.0\CMakeFiles\CMakeTmp\cmTC_9e6eb.vcxproj]



Determining if the function gettimeofday exists failed with the following output:
Change Dir: C:/Users/MarcusRainbow/Projects/node-nlopt/nlopt-2.10.0/CMakeFiles/CMakeTmp

Run Build Command(s):C:/Program Files/Microsoft Visual Studio/2022/Community/MSBuild/Current/Bin/amd64/MSBuild.exe cmTC_8e3a0.vcxproj /p:Configuration=Debug /p:Platform=x64 /p:VisualStudioVersion=17.0 /v:m && Microsoft (R) Build Engine version 17.2.1+52cd2da31 for .NET Framework
Copyright (C) Microsoft Corporation. All rights reserved.

  Microsoft (R) C/C++ Optimizing Compiler Version 19.32.31332 for x64
  CheckFunctionExists.c
  Copyright (C) Microsoft Corporation.  All rights reserved.
  cl /c /Zi /W1 /WX- /diagnostics:column /Od /Ob0 /D _MBCS /D WIN32 /D _WINDOWS /D CHECK_FUNCTION_EXISTS=gettimeofday /D "CMAKE_INTDIR=\"Debug\"" /Gm- /RTC1 /MDd /GS /fp:precise /Zc:wchar_t /Zc:forScope /Zc:inline /Fo"cmTC_8e3a0.dir\Debug\\" /Fd"cmTC_8e3a0.dir\Debug\vc143.pdb" /external:W1 /Gd /TC /errorReport:queue "C:\Program Files\Microsoft Visual Studio\2022\Community\Common7\IDE\CommonExtensions\Microsoft\CMake\CMake\share\cmake-3.22\Modules\CheckFunctionExists.c"
CheckFunctionExists.obj : error LNK2019: unresolved external symbol gettimeofday referenced in function main [C:\Users\MarcusRainbow\Projects\node-nlopt\nlopt-2.10.0\CMakeFiles\CMakeTmp\cmTC_8e3a0.vcxproj]
C:\Users\MarcusRainbow\Projects\node-nlopt\nlopt-2.10.0\CMakeFiles\CMakeTmp\Debug\cmTC_8e3a0.exe : fatal error LNK1120: 1 unresolved externals [C:\Users\MarcusRainbow\Projects\node-nlopt\nlopt-2.10.0\CMakeFiles\CMakeTmp\cmTC_8e3a0.vcxproj]



Determining if the function qsort_r exists failed with the following output:
Change Dir: C:/Users/MarcusRainbow/Projects/node-nlopt/nlopt-2.10.0/CMakeFiles/CMakeTmp

Run Build Command(s):C:/Program Files/Microsoft Visual Studio/2022/Community/MSBuild/Current/Bin/amd64/MSBuild.exe cmTC_11b59.vcxproj /p:Configuration=Debug /p:Platform=x64 /p:VisualStudioVersion=17.0 /v:m && Microsoft (R) Build Engine version 17.2.1+52cd2da31 for .NET Framework
Copyright (C) Microsoft Corporation. All rights reserved.

  Microsoft (R) C/C++ Optimizing Compiler Version 19.32.31332 for x64
  CheckFunctionExists.c
  Copyright (C) Microsoft Corporation.  All rights reserved.
  cl /c /Zi /W1 /WX- /diagnostics:column /Od /Ob0 /D _MBCS /D WIN32 /D _WINDOWS /D CHECK_FUNCTION_EXISTS=qsort_r /D "CMAKE_INTDIR=\"Debug\"" /Gm- /RTC1 /MDd /GS /fp:precise /Zc:wchar_t /Zc:forScope /Zc:inline /Fo"cmTC_11b59.dir\Debug\\" /Fd"cmTC_11b59.dir\Debug\vc143.pdb" /external:W1 /Gd /TC /errorReport:queue "C:\Program Files\Microsoft Visual Studio\2022\Community\Common7\IDE\CommonExtensions\Microsoft\CMake\CMake\share\cmake-3.22\Modules\CheckFunctionExists.c"
CheckFunctionExists.obj : error LNK2019: unresolved external symbol qsort_r referenced in function main [C:\Users\MarcusRainbow\Projects\node-nlopt\nlopt-2.10.0\CMakeFiles\CMakeTmp\cmTC_11b59.vcxproj]
C:\Users\MarcusRainbow\Projects\node-nlopt\nlopt-2.10.0\CMakeFiles\CMakeTmp\Debug\cmTC_11b59.exe : fatal error LNK1120: 1 unresolved externals [C:\Users\MarcusRainbow\Projects\node-nlopt\nlopt-2.10.0\CMakeFiles\CMakeTmp\cmTC_11b59.vcxproj]



Determining if the function getopt exists failed with the following output:
Change Dir: C:/Users/MarcusRainbow/Projects/node-nlopt/nlopt-2.10.0/CMakeFiles/CMakeTmp

Run Build Command(s):C:/Program Files/Microsoft Visual Studio/2022/Community/MSBuild/Current/Bin/amd64/MSBuild.exe cmTC_b395a.vcxproj /p:Configuration=Debug /p:Platform=x64 /p:VisualStudioVersion=17.0 /v:m && Microsoft (R) Build Engine version 17.2.1+52cd2da31 for .NET Framework
Copyright (C) Microsoft Corporation. All rights reserved.

  Microsoft (R) C/C++ Optimizing Compiler Version 19.32.31332 for x64
  CheckFunctionExists.c
  Copyright (C) Microsoft Corporation.  All rights reserved.
  cl /c /Zi /W1 /WX- /diagnostics:column /Od /Ob0 /D _MBCS /D WIN32 /D _WINDOWS /D CHECK_FUNCTION_EXISTS=getopt /D "CMAKE_INTDIR=\"Debug\"" /Gm- /RTC1 /MDd /GS /fp:precise /Zc:wchar_t /Zc:forScope /Zc:inline /Fo"cmTC_b395a.dir\Debug\\" /Fd"cmTC_b395a.dir\Debug\vc143.pdb" /external:W1 /Gd /TC /errorReport:queue "C:\Program Files\Microsoft Visual Studio\2022\Community\Common7\IDE\CommonExtensions\Microsoft\CMake\CMake\share\cmake-3.22\Modules\CheckFunctionExists.c"
CheckFunctionExists.obj : error LNK2019: unresolved external symbol getopt referenced in function main [C:\Users\MarcusRainbow\Projects\node-nlopt\nlopt-2.10.0\CMakeFiles\CMakeTmp\cmTC_b395a.vcxproj]
C:\Users\MarcusRainbow\Projects\node-nlopt\nlopt-2.10.0\CMakeFiles\CMakeTmp\Debug\cmTC_b395a.exe : fatal error LNK1120: 1 unresolved externals [C:\Users\MarcusRainbow\Projects\node-nlopt\nlopt-2.10.0\CMakeFiles\CMakeTmp\cmTC_b395a.vcxproj]



Determining if the function sqrt exists in the m failed with the following output:
Change Dir: C:/Users/MarcusRainbow/Projects/node-nlopt/nlopt-2.10.0/CMakeFiles/CMakeTmp

Run Build Command(s):C:/Program Files/Microsoft Visual Studio/2022/Community/MSBuild/Current/Bin/amd64/MSBuild.exe cmTC_1cb95.vcxproj /p:Configuration=Debug /p:Platform=x64 /p:VisualStudioVersion=17.0 /v:m && Microsoft (R) Build Engine version 17.2.1+52cd2da31 for .NET Framework
Copyright (C) Microsoft Corporation. All rights reserved.

  Microsoft (R) C/C++ Optimizing Compiler Version 19.32.31332 for x64
  CheckFunctionExists.c
  Copyright (C) Microsoft Corporation.  All rights reserved.
  cl /c /Zi /W1 /WX- /diagnostics:column /Od /Ob0 /D _MBCS /D WIN32 /D _WINDOWS /D CHECK_FUNCTION_EXISTS=sqrt /D "CMAKE_INTDIR=\"Debug\"" /Gm- /RTC1 /MDd /GS /fp:precise /Zc:wchar_t /Zc:forScope /Zc:inline /Fo"cmTC_1cb95.dir\Debug\\" /Fd"cmTC_1cb95.dir\Debug\vc143.pdb" /external:W1 /Gd /TC /errorReport:queue "C:\Program Files\Microsoft Visual Studio\2022\Community\Common7\IDE\CommonExtensions\Microsoft\CMake\CMake\share\cmake-3.22\Modules\CheckFunctionExists.c"
LINK : fatal error LNK1104: cannot open file 'm.lib' [C:\Users\MarcusRainbow\Projects\node-nlopt\nlopt-2.10.0\CMakeFiles\CMakeTmp\cmTC_1cb95.vcxproj]



Performing C SOURCE FILE Test HAVE_THREAD_LOCAL_STORAGE failed with the following output:
Change Dir: C:/Users/MarcusRainbow/Projects/node-nlopt/nlopt-2.10.0/CMakeFiles/CMakeTmp

Run Build Command(s):C:/Program Files/Microsoft Visual Studio/2022/Community/MSBuild/Current/Bin/amd64/MSBuild.exe cmTC_bbc73.vcxproj /p:Configuration=Debug /p:Platform=x64 /p:VisualStudioVersion=17.0 /v:m && Microsoft (R) Build Engine version 17.2.1+52cd2da31 for .NET Framework
Copyright (C) Microsoft Corporation. All rights reserved.

  Microsoft (R) C/C++ Optimizing Compiler Version 19.32.31332 for x64
  src.c
C:\Users\MarcusRainbow\Projects\node-nlopt\nlopt-2.10.0\CMakeFiles\CMakeTmp\src.c(2,18): error C2054: expected '(' to follow '__thread' [C:\Users\MarcusRainbow\Projects\node-nlopt\nlopt-2.10.0\CMakeFiles\CMakeTmp\cmTC_bbc73.vcxproj]
C:\Users\MarcusRainbow\Projects\node-nlopt\nlopt-2.10.0\CMakeFiles\CMakeTmp\src.c(2,21): error C2085: 'tls': not in formal parameter list [C:\Users\MarcusRainbow\Projects\node-nlopt\nlopt-2.10.0\CMakeFiles\CMakeTmp\cmTC_bbc73.vcxproj]
C:\Users\MarcusRainbow\Projects\node-nlopt\nlopt-2.10.0\CMakeFiles\CMakeTmp\src.c(4,20): error C2085: 'main': not in formal parameter list [C:\Users\MarcusRainbow\Projects\node-nlopt\nlopt-2.10.0\CMakeFiles\CMakeTmp\cmTC_bbc73.vcxproj]
C:\Users\MarcusRainbow\Projects\node-nlopt\nlopt-2.10.0\CMakeFiles\CMakeTmp\src.c(4,20): error C2143: syntax error: missing ';' before '{' [C:\Users\MarcusRainbow\Projects\node-nlopt\nlopt-2.10.0\CMakeFiles\CMakeTmp\cmTC_bbc73.vcxproj]
  Copyright (C) Microsoft Corporation.  All rights reserved.
  cl /c /Zi /W1 /WX- /diagnostics:column /Od /Ob0 /D _MBCS /D WIN32 /D _WINDOWS /D HAVE_THREAD_LOCAL_STORAGE /D "CMAKE_INTDIR=\"Debug\"" /Gm- /RTC1 /MDd /GS /fp:precise /Zc:wchar_t /Zc:forScope /Zc:inline /Fo"cmTC_bbc73.dir\Debug\\" /Fd"cmTC_bbc73.dir\Debug\vc143.pdb" /external:W1 /Gd /TC /errorReport:queue "C:\Users\MarcusRainbow\Projects\node-nlopt\nlopt-2.10.0\CMakeFiles\CMakeTmp\src.c"


Source file was:

    __thread int tls;

    int main(void) {
        return 0;
    }
